{
  "stats": {
    "suites": 1,
    "tests": 1,
    "passes": 1,
    "pending": 0,
    "failures": 0,
    "start": "2022-07-22T17:31:09.165Z",
    "end": "2022-07-22T17:31:09.832Z",
    "duration": 667,
    "testsRegistered": 1,
    "passPercent": 100,
    "pendingPercent": 0,
    "other": 0,
    "hasOther": false,
    "skipped": 0,
    "hasSkipped": false
  },
  "results": [
    {
      "uuid": "788dd1c0-d941-4290-b997-574441c3856c",
      "title": "",
      "fullFile": "cypress/integration/5.login.tn.spec.js",
      "file": "cypress/integration/5.login.tn.spec.js",
      "beforeHooks": [],
      "afterHooks": [],
      "tests": [],
      "suites": [
        {
          "uuid": "184f5f42-4ca9-4682-bcc9-10ba6304c9bf",
          "title": "Casos de teste negativos sobre a rota /login da API Serverest",
          "fullFile": "",
          "file": "",
          "beforeHooks": [],
          "afterHooks": [],
          "tests": [
            {
              "title": "CTN01 - Não deve realizar login utilizando credenciais não registradas",
              "fullTitle": "Casos de teste negativos sobre a rota /login da API Serverest CTN01 - Não deve realizar login utilizando credenciais não registradas",
              "timedOut": null,
              "duration": 563,
              "state": "passed",
              "speed": "fast",
              "pass": true,
              "fail": false,
              "pending": false,
              "context": null,
              "code": "_serverestNegative.default.logarSemSucesso().then(res => {\n  cy.contractValidator(res, 'post-login', 401).then(res => expect(res).to.be.eq('Contrato válido!'));\n  expect(res.status).to.be.eq(401);\n  _validaServerest.default.validarLoginSemSucesso(res);\n});",
              "err": {},
              "uuid": "34035a60-207a-4de5-971b-b1e867d1fc6c",
              "parentUUID": "184f5f42-4ca9-4682-bcc9-10ba6304c9bf",
              "isHook": false,
              "skipped": false
            }
          ],
          "suites": [],
          "passes": [
            "34035a60-207a-4de5-971b-b1e867d1fc6c"
          ],
          "failures": [],
          "pending": [],
          "skipped": [],
          "duration": 563,
          "root": false,
          "rootEmpty": false,
          "_timeout": 2000
        }
      ],
      "passes": [],
      "failures": [],
      "pending": [],
      "skipped": [],
      "duration": 0,
      "root": true,
      "rootEmpty": true,
      "_timeout": 2000
    }
  ],
  "meta": {
    "mocha": {
      "version": "7.0.1"
    },
    "mochawesome": {
      "options": {
        "quiet": false,
        "reportFilename": "mochawesome",
        "saveHtml": false,
        "saveJson": true,
        "consoleReporter": "spec",
        "useInlineDiffs": false,
        "code": true
      },
      "version": "7.1.3"
    },
    "marge": {
      "options": {
        "id": "default",
        "reportDir": "cypress/reports/mocha",
        "quite": true,
        "overwrite": false,
        "html": false,
        "json": true
      },
      "version": "6.2.0"
    }
  }
}