{
  "stats": {
    "suites": 2,
    "tests": 5,
    "passes": 5,
    "pending": 0,
    "failures": 0,
    "start": "2022-07-22T17:29:28.176Z",
    "end": "2022-07-22T17:29:33.836Z",
    "duration": 5660,
    "testsRegistered": 5,
    "passPercent": 100,
    "pendingPercent": 0,
    "other": 0,
    "hasOther": false,
    "skipped": 0,
    "hasSkipped": false
  },
  "results": [
    {
      "uuid": "023a049e-7341-4b0d-9a41-4ebe94c25ea2",
      "title": "",
      "fullFile": "cypress/integration/10.fluxoDeUsuárioAdministrador.tf.spec.js",
      "file": "cypress/integration/10.fluxoDeUsuárioAdministrador.tf.spec.js",
      "beforeHooks": [],
      "afterHooks": [],
      "tests": [],
      "suites": [
        {
          "uuid": "23235635-54bb-4173-8fca-b61f33d643a1",
          "title": "CFT02 - Fluxo de atividades de um usuário administrador da API Serverest",
          "fullFile": "",
          "file": "",
          "beforeHooks": [],
          "afterHooks": [],
          "tests": [
            {
              "title": "Usuário administrador se cadastra com sucesso",
              "fullTitle": "CFT02 - Fluxo de atividades de um usuário administrador da API Serverest Usuário administrador se cadastra com sucesso",
              "timedOut": null,
              "duration": 723,
              "state": "passed",
              "speed": "fast",
              "pass": true,
              "fail": false,
              "pending": false,
              "context": null,
              "code": "_serverest.default.cadastrarUsuarioAdmComSucesso().then(res => {\n  expect(res.status).to.be.eq(201);\n  cy.contractValidator(res, 'post-usuarios', 201).then(res => expect(res).to.be.eq('Contrato válido!'));\n  expect(res.body.message).to.be.eq('Cadastro realizado com sucesso');\n  _serverest.default.salvarIdUsuario(res);\n});",
              "err": {},
              "uuid": "f12b4c8b-187d-4d92-b733-59c88db9afed",
              "parentUUID": "23235635-54bb-4173-8fca-b61f33d643a1",
              "isHook": false,
              "skipped": false
            }
          ],
          "suites": [
            {
              "uuid": "b1b37144-102a-452b-96b6-e7369066e83a",
              "title": "Usuário administrador loga com sucesso",
              "fullFile": "",
              "file": "",
              "beforeHooks": [],
              "afterHooks": [],
              "tests": [
                {
                  "title": "Usuário administrador olha os produtos cadastrados",
                  "fullTitle": "CFT02 - Fluxo de atividades de um usuário administrador da API Serverest Usuário administrador loga com sucesso Usuário administrador olha os produtos cadastrados",
                  "timedOut": null,
                  "duration": 1312,
                  "state": "passed",
                  "speed": "fast",
                  "pass": true,
                  "fail": false,
                  "pending": false,
                  "context": null,
                  "code": "_serverest.default.buscarProdutos().then(res => {\n  expect(res.status).to.be.eq(200);\n  _validaServerest.default.validarBuscaDeProdutos(res);\n});",
                  "err": {},
                  "uuid": "a0b8e0da-1ff7-4819-9cf8-4ccc337ee1aa",
                  "parentUUID": "b1b37144-102a-452b-96b6-e7369066e83a",
                  "isHook": false,
                  "skipped": false
                },
                {
                  "title": "Usuário administrador cadastra um novo produto com sucesso",
                  "fullTitle": "CFT02 - Fluxo de atividades de um usuário administrador da API Serverest Usuário administrador loga com sucesso Usuário administrador cadastra um novo produto com sucesso",
                  "timedOut": null,
                  "duration": 1185,
                  "state": "passed",
                  "speed": "fast",
                  "pass": true,
                  "fail": false,
                  "pending": false,
                  "context": null,
                  "code": "_serverest.default.cadastrarProdutoComSucesso().then(res => {\n  expect(res.status).to.be.eq(201);\n  cy.contractValidator(res, 'post-produtos', 201).then(res => expect(res).to.be.eq('Contrato válido!'));\n  _validaServerest.default.validarCadastroDeProdutosComSucesso(res);\n  _serverest.default.salvarIdProduto(res);\n});",
                  "err": {},
                  "uuid": "2d3d3658-d4ae-458e-8442-3cdc2e44b570",
                  "parentUUID": "b1b37144-102a-452b-96b6-e7369066e83a",
                  "isHook": false,
                  "skipped": false
                },
                {
                  "title": "Usuário administrador edita um produto com sucesso",
                  "fullTitle": "CFT02 - Fluxo de atividades de um usuário administrador da API Serverest Usuário administrador loga com sucesso Usuário administrador edita um produto com sucesso",
                  "timedOut": null,
                  "duration": 1142,
                  "state": "passed",
                  "speed": "fast",
                  "pass": true,
                  "fail": false,
                  "pending": false,
                  "context": null,
                  "code": "_serverest.default.editarProdutoComSucesso().then(res => {\n  expect(res.status).to.be.eq(200);\n  cy.contractValidator(res, 'put-produtos', 200).then(res => expect(res).to.be.eq('Contrato válido!'));\n  expect(res.body.message).to.be.eq('Registro alterado com sucesso');\n});",
                  "err": {},
                  "uuid": "6be4ed70-3f18-4f59-82c8-7d7b77cc124b",
                  "parentUUID": "b1b37144-102a-452b-96b6-e7369066e83a",
                  "isHook": false,
                  "skipped": false
                },
                {
                  "title": "Usuário administrador exclui um produto com sucesso",
                  "fullTitle": "CFT02 - Fluxo de atividades de um usuário administrador da API Serverest Usuário administrador loga com sucesso Usuário administrador exclui um produto com sucesso",
                  "timedOut": null,
                  "duration": 1115,
                  "state": "passed",
                  "speed": "fast",
                  "pass": true,
                  "fail": false,
                  "pending": false,
                  "context": null,
                  "code": "_serverest.default.excluirProdutoComSucesso().then(res => {\n  expect(res.status).to.be.eq(200);\n  cy.contractValidator(res, 'delete-produtos', 200).then(res => expect(res).to.be.eq('Contrato válido!'));\n  expect(res.body.message).to.be.eq('Registro excluído com sucesso');\n});",
                  "err": {},
                  "uuid": "b48452d0-9f70-4610-b30a-3d3810644094",
                  "parentUUID": "b1b37144-102a-452b-96b6-e7369066e83a",
                  "isHook": false,
                  "skipped": false
                }
              ],
              "suites": [],
              "passes": [
                "a0b8e0da-1ff7-4819-9cf8-4ccc337ee1aa",
                "2d3d3658-d4ae-458e-8442-3cdc2e44b570",
                "6be4ed70-3f18-4f59-82c8-7d7b77cc124b",
                "b48452d0-9f70-4610-b30a-3d3810644094"
              ],
              "failures": [],
              "pending": [],
              "skipped": [],
              "duration": 4754,
              "root": false,
              "rootEmpty": false,
              "_timeout": 2000
            }
          ],
          "passes": [
            "f12b4c8b-187d-4d92-b733-59c88db9afed"
          ],
          "failures": [],
          "pending": [],
          "skipped": [],
          "duration": 723,
          "root": false,
          "rootEmpty": false,
          "_timeout": 2000
        }
      ],
      "passes": [],
      "failures": [],
      "pending": [],
      "skipped": [],
      "duration": 0,
      "root": true,
      "rootEmpty": true,
      "_timeout": 2000
    }
  ],
  "meta": {
    "mocha": {
      "version": "7.0.1"
    },
    "mochawesome": {
      "options": {
        "quiet": false,
        "reportFilename": "mochawesome",
        "saveHtml": false,
        "saveJson": true,
        "consoleReporter": "spec",
        "useInlineDiffs": false,
        "code": true
      },
      "version": "7.1.3"
    },
    "marge": {
      "options": {
        "id": "default",
        "reportDir": "cypress/reports/mocha",
        "quite": true,
        "overwrite": false,
        "html": false,
        "json": true
      },
      "version": "6.2.0"
    }
  }
}